CRITICAL - 2024-07-17 17:34:58 --> CodeIgniter\View\Exceptions\ViewException: Invalid file: "planes_nuevo.php"
[Method: GET, Route: nuevo_plan]
in SYSTEMPATH\Exceptions\FrameworkException.php on line 41.
 1 SYSTEMPATH\View\View.php(222): CodeIgniter\Exceptions\FrameworkException::forInvalidFile('planes_nuevo.php')
 2 SYSTEMPATH\Common.php(1171): CodeIgniter\View\View->render('planes_nuevo', [], true)
 3 APPPATH\Controllers\PlanesController.php(21): view('planes_nuevo')
 4 SYSTEMPATH\CodeIgniter.php(933): App\Controllers\PlanesController->nuevoPlan()
 5 SYSTEMPATH\CodeIgniter.php(509): CodeIgniter\CodeIgniter->runController(Object(App\Controllers\PlanesController))
 6 SYSTEMPATH\CodeIgniter.php(355): CodeIgniter\CodeIgniter->handleRequest(null, Object(Config\Cache), false)
 7 SYSTEMPATH\Boot.php(325): CodeIgniter\CodeIgniter->run()
 8 SYSTEMPATH\Boot.php(67): CodeIgniter\Boot::runCodeIgniter(Object(CodeIgniter\CodeIgniter))
 9 FCPATH\index.php(56): CodeIgniter\Boot::bootWeb(Object(Config\Paths))
CRITICAL - 2024-07-17 17:49:12 --> TypeError: App\Controllers\PlanesController::agregarPlan(): Return value must be of type string, none returned
[Method: POST, Route: agregar_plan]
in APPPATH\Controllers\PlanesController.php on line 34.
 1 SYSTEMPATH\CodeIgniter.php(933): App\Controllers\PlanesController->agregarPlan()
 2 SYSTEMPATH\CodeIgniter.php(509): CodeIgniter\CodeIgniter->runController(Object(App\Controllers\PlanesController))
 3 SYSTEMPATH\CodeIgniter.php(355): CodeIgniter\CodeIgniter->handleRequest(null, Object(Config\Cache), false)
 4 SYSTEMPATH\Boot.php(325): CodeIgniter\CodeIgniter->run()
 5 SYSTEMPATH\Boot.php(67): CodeIgniter\Boot::runCodeIgniter(Object(CodeIgniter\CodeIgniter))
 6 FCPATH\index.php(56): CodeIgniter\Boot::bootWeb(Object(Config\Paths))
