ERROR - 2024-07-19 15:02:49 --> mysqli_sql_exception: Cannot add or update a child row: a foreign key constraint fails (`fs2024_telefonia`.`lineas_telefonicas`, CONSTRAINT `lineas_telefonicas_ibfk_2` FOREIGN KEY (`cliente_id`) REFERENCES `clientes` (`cliente_id`) ON DELETE CASCADE ON UPDATE CASCADE) in C:\xampp\htdocs\fs2024\ci4_telefonia\system\Database\MySQLi\Connection.php:312
Stack trace:
#0 C:\xampp\htdocs\fs2024\ci4_telefonia\system\Database\MySQLi\Connection.php(312): mysqli->query('INSERT INTO `li...', 0)
#1 C:\xampp\htdocs\fs2024\ci4_telefonia\system\Database\BaseConnection.php(734): CodeIgniter\Database\MySQLi\Connection->execute('INSERT INTO `li...')
#2 C:\xampp\htdocs\fs2024\ci4_telefonia\system\Database\BaseConnection.php(648): CodeIgniter\Database\BaseConnection->simpleQuery('INSERT INTO `li...')
#3 C:\xampp\htdocs\fs2024\ci4_telefonia\system\Database\BaseBuilder.php(2332): CodeIgniter\Database\BaseConnection->query('INSERT INTO `li...', Array, false)
#4 C:\xampp\htdocs\fs2024\ci4_telefonia\system\Model.php(394): CodeIgniter\Database\BaseBuilder->insert()
#5 C:\xampp\htdocs\fs2024\ci4_telefonia\system\BaseModel.php(840): CodeIgniter\Model->doInsert(Array)
#6 C:\xampp\htdocs\fs2024\ci4_telefonia\system\Model.php(802): CodeIgniter\BaseModel->insert(Array, true)
#7 C:\xampp\htdocs\fs2024\ci4_telefonia\app\Controllers\LineasTelefonicasController.php(38): CodeIgniter\Model->insert(Array)
#8 C:\xampp\htdocs\fs2024\ci4_telefonia\system\CodeIgniter.php(933): App\Controllers\LineasTelefonicasController->agregarLinea()
#9 C:\xampp\htdocs\fs2024\ci4_telefonia\system\CodeIgniter.php(509): CodeIgniter\CodeIgniter->runController(Object(App\Controllers\LineasTelefonicasController))
#10 C:\xampp\htdocs\fs2024\ci4_telefonia\system\CodeIgniter.php(355): CodeIgniter\CodeIgniter->handleRequest(NULL, Object(Config\Cache), false)
#11 C:\xampp\htdocs\fs2024\ci4_telefonia\system\Boot.php(325): CodeIgniter\CodeIgniter->run()
#12 C:\xampp\htdocs\fs2024\ci4_telefonia\system\Boot.php(67): CodeIgniter\Boot::runCodeIgniter(Object(CodeIgniter\CodeIgniter))
#13 C:\xampp\htdocs\fs2024\ci4_telefonia\public\index.php(56): CodeIgniter\Boot::bootWeb(Object(Config\Paths))
#14 {main}
CRITICAL - 2024-07-19 15:02:49 --> CodeIgniter\Database\Exceptions\DatabaseException: Cannot add or update a child row: a foreign key constraint fails (`fs2024_telefonia`.`lineas_telefonicas`, CONSTRAINT `lineas_telefonicas_ibfk_2` FOREIGN KEY (`cliente_id`) REFERENCES `clientes` (`cliente_id`) ON DELETE CASCADE ON UPDATE CASCADE)
[Method: POST, Route: agregar_linea]
in SYSTEMPATH\Database\BaseConnection.php on line 688.
 1 SYSTEMPATH\Database\BaseBuilder.php(2332): CodeIgniter\Database\BaseConnection->query('INSERT INTO `lineas_telefonicas` (`no_telefono`, `fecha_pago`, `meses_atraso`, `plan_id`, `cliente_id`) VALUES (:no_telefono:, :fecha_pago:, :meses_atraso:, :plan_id:, :cliente_id:)', [...], false)
 2 SYSTEMPATH\Model.php(394): CodeIgniter\Database\BaseBuilder->insert()
 3 SYSTEMPATH\BaseModel.php(840): CodeIgniter\Model->doInsert([...])
 4 SYSTEMPATH\Model.php(802): CodeIgniter\BaseModel->insert([...], true)
 5 APPPATH\Controllers\LineasTelefonicasController.php(38): CodeIgniter\Model->insert([...])
 6 SYSTEMPATH\CodeIgniter.php(933): App\Controllers\LineasTelefonicasController->agregarLinea()
 7 SYSTEMPATH\CodeIgniter.php(509): CodeIgniter\CodeIgniter->runController(Object(App\Controllers\LineasTelefonicasController))
 8 SYSTEMPATH\CodeIgniter.php(355): CodeIgniter\CodeIgniter->handleRequest(null, Object(Config\Cache), false)
 9 SYSTEMPATH\Boot.php(325): CodeIgniter\CodeIgniter->run()
10 SYSTEMPATH\Boot.php(67): CodeIgniter\Boot::runCodeIgniter(Object(CodeIgniter\CodeIgniter))
11 FCPATH\index.php(56): CodeIgniter\Boot::bootWeb(Object(Config\Paths))
CRITICAL - 2024-07-19 15:02:49 --> [Caused by] CodeIgniter\Database\Exceptions\DatabaseException: Cannot add or update a child row: a foreign key constraint fails (`fs2024_telefonia`.`lineas_telefonicas`, CONSTRAINT `lineas_telefonicas_ibfk_2` FOREIGN KEY (`cliente_id`) REFERENCES `clientes` (`cliente_id`) ON DELETE CASCADE ON UPDATE CASCADE)
in SYSTEMPATH\Database\MySQLi\Connection.php on line 317.
 1 SYSTEMPATH\Database\BaseConnection.php(734): CodeIgniter\Database\MySQLi\Connection->execute('INSERT INTO `lineas_telefonicas` (`no_telefono`, `fecha_pago`, `meses_atraso`, `plan_id`, `cliente_id`) VALUES (\'11223344\', \'1\', \'11\', \'1\', \'\')')
 2 SYSTEMPATH\Database\BaseConnection.php(648): CodeIgniter\Database\BaseConnection->simpleQuery('INSERT INTO `lineas_telefonicas` (`no_telefono`, `fecha_pago`, `meses_atraso`, `plan_id`, `cliente_id`) VALUES (\'11223344\', \'1\', \'11\', \'1\', \'\')')
 3 SYSTEMPATH\Database\BaseBuilder.php(2332): CodeIgniter\Database\BaseConnection->query('INSERT INTO `lineas_telefonicas` (`no_telefono`, `fecha_pago`, `meses_atraso`, `plan_id`, `cliente_id`) VALUES (:no_telefono:, :fecha_pago:, :meses_atraso:, :plan_id:, :cliente_id:)', [...], false)
 4 SYSTEMPATH\Model.php(394): CodeIgniter\Database\BaseBuilder->insert()
 5 SYSTEMPATH\BaseModel.php(840): CodeIgniter\Model->doInsert([...])
 6 SYSTEMPATH\Model.php(802): CodeIgniter\BaseModel->insert([...], true)
 7 APPPATH\Controllers\LineasTelefonicasController.php(38): CodeIgniter\Model->insert([...])
 8 SYSTEMPATH\CodeIgniter.php(933): App\Controllers\LineasTelefonicasController->agregarLinea()
 9 SYSTEMPATH\CodeIgniter.php(509): CodeIgniter\CodeIgniter->runController(Object(App\Controllers\LineasTelefonicasController))
10 SYSTEMPATH\CodeIgniter.php(355): CodeIgniter\CodeIgniter->handleRequest(null, Object(Config\Cache), false)
11 SYSTEMPATH\Boot.php(325): CodeIgniter\CodeIgniter->run()
12 SYSTEMPATH\Boot.php(67): CodeIgniter\Boot::runCodeIgniter(Object(CodeIgniter\CodeIgniter))
13 FCPATH\index.php(56): CodeIgniter\Boot::bootWeb(Object(Config\Paths))
CRITICAL - 2024-07-19 15:02:49 --> [Caused by] mysqli_sql_exception: Cannot add or update a child row: a foreign key constraint fails (`fs2024_telefonia`.`lineas_telefonicas`, CONSTRAINT `lineas_telefonicas_ibfk_2` FOREIGN KEY (`cliente_id`) REFERENCES `clientes` (`cliente_id`) ON DELETE CASCADE ON UPDATE CASCADE)
in SYSTEMPATH\Database\MySQLi\Connection.php on line 312.
 1 SYSTEMPATH\Database\MySQLi\Connection.php(312): mysqli->query('INSERT INTO `lineas_telefonicas` (`no_telefono`, `fecha_pago`, `meses_atraso`, `plan_id`, `cliente_id`) VALUES (\'11223344\', \'1\', \'11\', \'1\', \'\')', 0)
 2 SYSTEMPATH\Database\BaseConnection.php(734): CodeIgniter\Database\MySQLi\Connection->execute('INSERT INTO `lineas_telefonicas` (`no_telefono`, `fecha_pago`, `meses_atraso`, `plan_id`, `cliente_id`) VALUES (\'11223344\', \'1\', \'11\', \'1\', \'\')')
 3 SYSTEMPATH\Database\BaseConnection.php(648): CodeIgniter\Database\BaseConnection->simpleQuery('INSERT INTO `lineas_telefonicas` (`no_telefono`, `fecha_pago`, `meses_atraso`, `plan_id`, `cliente_id`) VALUES (\'11223344\', \'1\', \'11\', \'1\', \'\')')
 4 SYSTEMPATH\Database\BaseBuilder.php(2332): CodeIgniter\Database\BaseConnection->query('INSERT INTO `lineas_telefonicas` (`no_telefono`, `fecha_pago`, `meses_atraso`, `plan_id`, `cliente_id`) VALUES (:no_telefono:, :fecha_pago:, :meses_atraso:, :plan_id:, :cliente_id:)', [...], false)
 5 SYSTEMPATH\Model.php(394): CodeIgniter\Database\BaseBuilder->insert()
 6 SYSTEMPATH\BaseModel.php(840): CodeIgniter\Model->doInsert([...])
 7 SYSTEMPATH\Model.php(802): CodeIgniter\BaseModel->insert([...], true)
 8 APPPATH\Controllers\LineasTelefonicasController.php(38): CodeIgniter\Model->insert([...])
 9 SYSTEMPATH\CodeIgniter.php(933): App\Controllers\LineasTelefonicasController->agregarLinea()
10 SYSTEMPATH\CodeIgniter.php(509): CodeIgniter\CodeIgniter->runController(Object(App\Controllers\LineasTelefonicasController))
11 SYSTEMPATH\CodeIgniter.php(355): CodeIgniter\CodeIgniter->handleRequest(null, Object(Config\Cache), false)
12 SYSTEMPATH\Boot.php(325): CodeIgniter\CodeIgniter->run()
13 SYSTEMPATH\Boot.php(67): CodeIgniter\Boot::runCodeIgniter(Object(CodeIgniter\CodeIgniter))
14 FCPATH\index.php(56): CodeIgniter\Boot::bootWeb(Object(Config\Paths))
CRITICAL - 2024-07-19 17:09:20 --> ParseError: syntax error, unexpected token "}", expecting "("
[Method: GET, Route: ver_clientes]
in APPPATH\Controllers\ClientesController.php on line 80.
 1 SYSTEMPATH\Autoloader\Autoloader.php(296): CodeIgniter\Autoloader\Autoloader->includeFile('C:\\xampp\\htdocs\\fs2024\\ci4_telefonia\\app\\Controllers\\ClientesController.php')
 2 SYSTEMPATH\Autoloader\Autoloader.php(272): CodeIgniter\Autoloader\Autoloader->loadInNamespace('App\\Controllers\\ClientesController')
 3 [internal function]: CodeIgniter\Autoloader\Autoloader->loadClass('App\\Controllers\\ClientesController')
 4 SYSTEMPATH\CodeIgniter.php(887): class_exists('\\App\\Controllers\\ClientesController', true)
 5 SYSTEMPATH\CodeIgniter.php(496): CodeIgniter\CodeIgniter->startController()
 6 SYSTEMPATH\CodeIgniter.php(355): CodeIgniter\CodeIgniter->handleRequest(null, Object(Config\Cache), false)
 7 SYSTEMPATH\Boot.php(325): CodeIgniter\CodeIgniter->run()
 8 SYSTEMPATH\Boot.php(67): CodeIgniter\Boot::runCodeIgniter(Object(CodeIgniter\CodeIgniter))
 9 FCPATH\index.php(56): CodeIgniter\Boot::bootWeb(Object(Config\Paths))
CRITICAL - 2024-07-19 17:09:30 --> ParseError: syntax error, unexpected token "}", expecting "("
[Method: GET, Route: ver_clientes]
in APPPATH\Controllers\ClientesController.php on line 80.
 1 SYSTEMPATH\Autoloader\Autoloader.php(296): CodeIgniter\Autoloader\Autoloader->includeFile('C:\\xampp\\htdocs\\fs2024\\ci4_telefonia\\app\\Controllers\\ClientesController.php')
 2 SYSTEMPATH\Autoloader\Autoloader.php(272): CodeIgniter\Autoloader\Autoloader->loadInNamespace('App\\Controllers\\ClientesController')
 3 [internal function]: CodeIgniter\Autoloader\Autoloader->loadClass('App\\Controllers\\ClientesController')
 4 SYSTEMPATH\CodeIgniter.php(887): class_exists('\\App\\Controllers\\ClientesController', true)
 5 SYSTEMPATH\CodeIgniter.php(496): CodeIgniter\CodeIgniter->startController()
 6 SYSTEMPATH\CodeIgniter.php(355): CodeIgniter\CodeIgniter->handleRequest(null, Object(Config\Cache), false)
 7 SYSTEMPATH\Boot.php(325): CodeIgniter\CodeIgniter->run()
 8 SYSTEMPATH\Boot.php(67): CodeIgniter\Boot::runCodeIgniter(Object(CodeIgniter\CodeIgniter))
 9 FCPATH\index.php(56): CodeIgniter\Boot::bootWeb(Object(Config\Paths))
CRITICAL - 2024-07-19 17:09:30 --> ParseError: syntax error, unexpected token "}", expecting "("
[Method: GET, Route: ver_clientes]
in APPPATH\Controllers\ClientesController.php on line 80.
 1 SYSTEMPATH\Autoloader\Autoloader.php(296): CodeIgniter\Autoloader\Autoloader->includeFile('C:\\xampp\\htdocs\\fs2024\\ci4_telefonia\\app\\Controllers\\ClientesController.php')
 2 SYSTEMPATH\Autoloader\Autoloader.php(272): CodeIgniter\Autoloader\Autoloader->loadInNamespace('App\\Controllers\\ClientesController')
 3 [internal function]: CodeIgniter\Autoloader\Autoloader->loadClass('App\\Controllers\\ClientesController')
 4 SYSTEMPATH\CodeIgniter.php(887): class_exists('\\App\\Controllers\\ClientesController', true)
 5 SYSTEMPATH\CodeIgniter.php(496): CodeIgniter\CodeIgniter->startController()
 6 SYSTEMPATH\CodeIgniter.php(355): CodeIgniter\CodeIgniter->handleRequest(null, Object(Config\Cache), false)
 7 SYSTEMPATH\Boot.php(325): CodeIgniter\CodeIgniter->run()
 8 SYSTEMPATH\Boot.php(67): CodeIgniter\Boot::runCodeIgniter(Object(CodeIgniter\CodeIgniter))
 9 FCPATH\index.php(56): CodeIgniter\Boot::bootWeb(Object(Config\Paths))
CRITICAL - 2024-07-19 17:09:30 --> ParseError: syntax error, unexpected token "}", expecting "("
[Method: GET, Route: ver_clientes]
in APPPATH\Controllers\ClientesController.php on line 80.
 1 SYSTEMPATH\Autoloader\Autoloader.php(296): CodeIgniter\Autoloader\Autoloader->includeFile('C:\\xampp\\htdocs\\fs2024\\ci4_telefonia\\app\\Controllers\\ClientesController.php')
 2 SYSTEMPATH\Autoloader\Autoloader.php(272): CodeIgniter\Autoloader\Autoloader->loadInNamespace('App\\Controllers\\ClientesController')
 3 [internal function]: CodeIgniter\Autoloader\Autoloader->loadClass('App\\Controllers\\ClientesController')
 4 SYSTEMPATH\CodeIgniter.php(887): class_exists('\\App\\Controllers\\ClientesController', true)
 5 SYSTEMPATH\CodeIgniter.php(496): CodeIgniter\CodeIgniter->startController()
 6 SYSTEMPATH\CodeIgniter.php(355): CodeIgniter\CodeIgniter->handleRequest(null, Object(Config\Cache), false)
 7 SYSTEMPATH\Boot.php(325): CodeIgniter\CodeIgniter->run()
 8 SYSTEMPATH\Boot.php(67): CodeIgniter\Boot::runCodeIgniter(Object(CodeIgniter\CodeIgniter))
 9 FCPATH\index.php(56): CodeIgniter\Boot::bootWeb(Object(Config\Paths))
CRITICAL - 2024-07-19 17:09:31 --> ParseError: syntax error, unexpected token "}", expecting "("
[Method: GET, Route: ver_clientes]
in APPPATH\Controllers\ClientesController.php on line 80.
 1 SYSTEMPATH\Autoloader\Autoloader.php(296): CodeIgniter\Autoloader\Autoloader->includeFile('C:\\xampp\\htdocs\\fs2024\\ci4_telefonia\\app\\Controllers\\ClientesController.php')
 2 SYSTEMPATH\Autoloader\Autoloader.php(272): CodeIgniter\Autoloader\Autoloader->loadInNamespace('App\\Controllers\\ClientesController')
 3 [internal function]: CodeIgniter\Autoloader\Autoloader->loadClass('App\\Controllers\\ClientesController')
 4 SYSTEMPATH\CodeIgniter.php(887): class_exists('\\App\\Controllers\\ClientesController', true)
 5 SYSTEMPATH\CodeIgniter.php(496): CodeIgniter\CodeIgniter->startController()
 6 SYSTEMPATH\CodeIgniter.php(355): CodeIgniter\CodeIgniter->handleRequest(null, Object(Config\Cache), false)
 7 SYSTEMPATH\Boot.php(325): CodeIgniter\CodeIgniter->run()
 8 SYSTEMPATH\Boot.php(67): CodeIgniter\Boot::runCodeIgniter(Object(CodeIgniter\CodeIgniter))
 9 FCPATH\index.php(56): CodeIgniter\Boot::bootWeb(Object(Config\Paths))
